"Start of log file."
"E:/HDDFIL~1/Work/UNITYW~1/FINGER~1/Assets/3DSMAX~1/BGTest.max"
"Starting max loading and fbx conversion"
window = undefined
"Settings units"
"Before fbx export"
"After fbx export"
"Finished max loading and fbx conversion"
"E:/HDDFIL~1/Work/UNITYW~1/FINGER~1/Assets/3DSMAX~1/BUILDI~1.MAX"
"Starting max loading and fbx conversion"
window = undefined
"Settings units"
"Before fbx export"
"After fbx export"
"Finished max loading and fbx conversion"
"E:/HDDFIL~1/Work/UNITYW~1/FINGER~1/Assets/3DSMAX~1/Build2.max"
"Starting max loading and fbx conversion"
window = undefined
"Settings units"
"Before fbx export"
"After fbx export"
"Finished max loading and fbx conversion"
"E:/HDDFIL~1/Work/UNITYW~1/FINGER~1/Assets/3DSMAX~1/Building.max"
"Starting max loading and fbx conversion"
window = undefined
"Settings units"
"Before fbx export"
"After fbx export"
"Finished max loading and fbx conversion"
"E:/HDDFIL~1/Work/UNITYW~1/FINGER~1/Assets/3DSMAX~1/Guy_Surf.max"
"Starting max loading and fbx conversion"
window = undefined
"Settings units"
"Before fbx export"
"After fbx export"
"Finished max loading and fbx conversion"
"E:/HDDFIL~1/Work/UNITYW~1/FINGER~1/Assets/3DSMAX~1/GUY_DE~1.MAX"
"Starting max loading and fbx conversion"
window = undefined
"Settings units"
"Before fbx export"
"After fbx export"
"Finished max loading and fbx conversion"
"E:/HDDFIL~1/Work/UNITYW~1/FINGER~1/Assets/3DSMAX~1/Build3.max"
"Starting max loading and fbx conversion"
window = undefined
"Settings units"
"Before fbx export"
"After fbx export"
"Finished max loading and fbx conversion"
"E:/HDDFIL~1/Work/UNITYW~1/FINGER~1/Assets/3DSMAX~1/Build6.max"
"Starting max loading and fbx conversion"
window = undefined
"Settings units"
"Before fbx export"
"After fbx export"
"Finished max loading and fbx conversion"
"E:/HDDFIL~1/Work/UNITYW~1/FINGER~1/Assets/3DSMAX~1/Guy_Win.max"
"Starting max loading and fbx conversion"
window = undefined
"Settings units"
"Before fbx export"
"After fbx export"
"Finished max loading and fbx conversion"
"E:/HDDFIL~1/Work/UNITYW~1/FINGER~1/Assets/3DSMAX~1/Build1.max"
"Starting max loading and fbx conversion"
window = undefined
"Settings units"
"Before fbx export"
"After fbx export"
"Finished max loading and fbx conversion"
"E:/HDDFIL~1/Work/UNITYW~1/FINGER~1/Assets/3DSMAX~1/Build5.max"
"Starting max loading and fbx conversion"
window = undefined
"Settings units"
"Before fbx export"
"After fbx export"
"Finished max loading and fbx conversion"
"E:/HDDFIL~1/Work/UNITYW~1/FINGER~1/Assets/3DSMAX~1/Build4.max"
"Starting max loading and fbx conversion"
window = undefined
"Settings units"
"Before fbx export"
"After fbx export"
"Finished max loading and fbx conversion"
